<?xml version="1.0" encoding="UTF-8"?>
<!-- Generated by org.testng.reporters.JUnitReportReporter -->
<testsuite skipped="0" hostname="Galinas-MacBook-Air.local" name="core.AppTest" tests="1" failures="0" timestamp="27 May 2017 19:59:23 GMT" time="0.020" errors="0">
  <testcase name="test" time="0.020" classname="core.AppTest"/>
</testsuite> <!-- core.AppTest -->
